<?xml version="1.0" encoding="UTF-8" ?>
<testsuite errors="0" failures="0" hostname="Gunner" name="edu.umb.cs.cs680.unittest.LinkTest" skipped="0" tests="2" time="0.062" timestamp="2017-04-02T20:38:52">
  <properties>
[...]
</properties>
  <testcase classname="edu.umb.cs.cs680.unittest.LinkTest" name="testLink" time="0.001" />
  <testcase classname="edu.umb.cs.cs680.unittest.LinkTest" name="testTargetSize" time="0.001" />
  <system-out><![CDATA[]]></system-out>
  <system-err><![CDATA[]]></system-err>
</testsuite>
